<?xml version="1.0" encoding="UTF-8"?>
<testng-results ignored="0" total="1" passed="1" failed="0" skipped="0">
  <reporter-output>
  </reporter-output>
  <suite started-at="2024-07-24T14:26:20 IST" name="testsuite1" finished-at="2024-07-24T14:26:55 IST" duration-ms="34739">
    <groups>
    </groups>
    <test started-at="2024-07-24T14:26:20 IST" name="test1" finished-at="2024-07-24T14:26:55 IST" duration-ms="34739">
      <class name="TestScenarios.MakeAppointPageTest">
        <test-method is-config="true" signature="beforeClass()[pri:0, instance:TestScenarios.MakeAppointPageTest@6babf3bf]" started-at="2024-07-24T14:26:20 IST" name="beforeClass" finished-at="2024-07-24T14:26:47 IST" duration-ms="27298" status="PASS">
          <reporter-output>
          </reporter-output>
        </test-method> <!-- beforeClass -->
        <test-method signature="bookAppointment()[pri:0, instance:TestScenarios.MakeAppointPageTest@6babf3bf]" started-at="2024-07-24T14:26:48 IST" name="bookAppointment" finished-at="2024-07-24T14:26:49 IST" duration-ms="1233" status="PASS">
          <reporter-output>
          </reporter-output>
        </test-method> <!-- bookAppointment -->
        <test-method is-config="true" signature="afterClass()[pri:0, instance:TestScenarios.MakeAppointPageTest@6babf3bf]" started-at="2024-07-24T14:26:49 IST" name="afterClass" finished-at="2024-07-24T14:26:55 IST" duration-ms="6148" status="PASS">
          <reporter-output>
          </reporter-output>
        </test-method> <!-- afterClass -->
      </class> <!-- TestScenarios.MakeAppointPageTest -->
    </test> <!-- test1 -->
  </suite> <!-- testsuite1 -->
</testng-results>
